sync measurement test passed!
measurement test without zero_debias done in  0.00330639123917  s/iter!
sync measurement test passed!
measurement test with zero_debias done in  0.0033559012413  s/iter!
lr  0.999000000051 0.999000000051  mu  0.000997986053372 0.000997986053372
lr  0.998001000091 0.998001000091  mu  0.00199479592401 0.00199479592401
lr  0.997002999123 0.997002999123  mu  0.00299052258886 0.00299052258883
lr  0.996005996151 0.996005996151  mu  0.00398520966839 0.00398520966848
lr  0.995009990178 0.995009990178  mu  0.00497888063426 0.00497888063353
lr  0.994014980208 0.994014980208  mu  0.00597154934798 0.0059715493473
lr  0.993020965245 0.993020965245  mu  0.00696322458485 0.0069632245838
lr  0.992027944295 0.992027944295  mu  0.00795391221947 0.00795391221857
lr  0.991035916365 0.991035916365  mu  0.0089436163776 0.00894361637669
lr  0.990044880461 0.990044880461  mu  0.00993234008417 0.00993234008342
lr  0.989054835591 0.989054835591  mu  0.0109200856501 0.01092008565
lr  0.988065780766 0.988065780766  mu  0.0119068549067 0.0119068549049
lr  0.987077714995 0.987077714995  mu  0.0128926493601 0.012892649358
lr  0.986090637289 0.986090637289  mu  0.0138774702895 0.0138774702872
lr  0.98510454666 0.98510454666  mu  0.0148613188159 0.0148613188141
lr  0.984119442121 0.984119442121  mu  0.0158441959478 0.0158441959458
lr  0.983135322685 0.983135322685  mu  0.0168261026146 0.0168261026126
lr  0.982152187369 0.982152187369  mu  0.0178070396878 0.0178070396855
lr  0.981170035188 0.981170035188  mu  0.018787007999 0.0187870079957
lr  0.980188865159 0.980188865159  mu  0.0197658005347 0.0197658005326
lr  0.979208676301 0.979208676301  mu  0.0207431451093 0.0207431451083
lr  0.978229467631 0.978229467631  mu  0.0217187661028 0.0217187661007
lr  0.977251238171 0.977251238171  mu  0.0226924163706 0.0226924163704
lr  0.97627398694 0.97627398694  mu  0.0236638825837 0.0236638825852
lr  0.975297712962 0.975297712962  mu  0.0246329806784 0.0246329806802
lr  0.974322415257 0.974322415257  mu  0.0255995501308 0.0255995501369
lr  0.973348092851 0.973348092851  mu  0.0265634493085 0.0265634493175
lr  0.972374744768 0.972374744768  mu  0.027524552017 0.0275245520139
lr  0.971402370033 0.971402370033  mu  0.0284827449456 0.0284827449551
lr  0.970430967673 0.970430967673  mu  0.0294379257401 0.0294379257336
lr  0.969460536716 0.969460536716  mu  0.0303900015091 0.0303900014957
lr  0.96849107619 0.96849107619  mu  0.031338887636 0.0313388876167
lr  0.967522585124 0.967522585124  mu  0.0322845068135 0.0322845067783
lr  0.96655506255 0.96655506255  mu  0.0332267882436 0.033226788229
lr  0.965588507498 0.965588507498  mu  0.0341656669635 0.0341656669433
lr  0.964622919002 0.964622919002  mu  0.0351010832725 0.0351010832826
lr  0.963658296094 0.963658296094  mu  0.0360329822367 0.0360329822773
lr  0.962694637809 0.962694637809  mu  0.0369613132596 0.0369613132828
lr  0.961731943183 0.961731943183  mu  0.0378860297052 0.0378860296996
lr  0.960770211251 0.960770211251  mu  0.0388070885662 0.0388070885961
lr  0.959809441051 0.959809441051  mu  0.0397244501699 0.0397244502151
lr  0.958849631621 0.958849631621  mu  0.040638077916 0.0406380779503
lr  0.957890782001 0.957890782001  mu  0.0415479380418 0.0415479380232
lr  0.95693289123 0.95693289123  mu  0.0424539994116 0.0424539992496
lr  0.955975958351 0.955975958351  mu  0.0433562333269 0.0433562330522
lr  0.955019982404 0.955019982404  mu  0.0442546133541 0.0442546127737
lr  0.954064962433 0.954064962433  mu  0.0451491151693 0.0451491142436
lr  0.953110897481 0.953110897481  mu  0.0460397164157 0.0460397151266
lr  0.952157786595 0.952157786595  mu  0.0469263965751 0.0469263949139
lr  0.95120562882 0.95120562882  mu  0.0478091368488 0.0478091344939
lr  0.950254423202 0.950254423202  mu  0.04868792005 0.0486879170153
lr  0.94930416879 0.94930416879  mu  0.0495627305039 0.0495627265999
lr  0.948354864633 0.948354864633  mu  0.0504335539563 0.0504335492753
lr  0.947406509779 0.947406509779  mu  0.051300377489 0.0513003716483
lr  0.94645910328 0.94645910328  mu  0.0521631894423 0.0521631826881
lr  0.945512644188 0.945512644188  mu  0.0530219793426 0.0530219713129
lr  0.944567131555 0.944567131555  mu  0.0538767378356 0.0538767287506
lr  0.943622564434 0.943622564434  mu  0.0547274566245 0.0547274462866
lr  0.942678941881 0.942678941881  mu  0.0555741284121 0.0555741165388
lr  0.94173626295 0.94173626295  mu  0.0564167468475 0.0564167334376
lr  0.940794526697 0.940794526697  mu  0.0572553064757 0.0572552917556
lr  0.939853732181 0.939853732181  mu  0.0580898026916 0.0580897862384
lr  0.93891387846 0.93891387846  mu  0.0589202316954 0.058920214228
lr  0.937974964592 0.937974964592  mu  0.0597465904527 0.059746571389
lr  0.937036989638 0.937036989638  mu  0.0605688766559 0.060568856526
lr  0.936099952658 0.936099952658  mu  0.0613870886883 0.0613870671391
lr  0.935163852716 0.935163852716  mu  0.0622012255906 0.0622012033313
lr  0.934228688874 0.934228688874  mu  0.0630112870291 0.0630112640742
lr  0.933294460195 0.933294460195  mu  0.0638172732662 0.0638172501764
lr  0.932361165745 0.932361165745  mu  0.0646191851319 0.0646191612391
lr  0.931428804589 0.931428804589  mu  0.0654170239979 0.0654170000852
lr  0.930497375795 0.930497375795  mu  0.0662107917523 0.066210767412
lr  0.929566878429 0.929566878429  mu  0.0670004907761 0.0670004671227
lr  0.92863731156 0.92863731156  mu  0.0677861239211 0.0677861002224
lr  0.927708674259 0.927708674259  mu  0.0685676944886 0.0685676716582
lr  0.926780965594 0.926780965594  mu  0.0693452062095 0.0693451837604
lr  0.925854184638 0.925854184638  mu  0.0701186632256 0.0701186417621
lr  0.924928330463 0.924928330463  mu  0.0708880700715 0.0708880490489
lr  0.924003402142 0.924003402142  mu  0.0716534316574 0.0716534123315
lr  0.92307939875 0.92307939875  mu  0.0724147532533 0.0724147348044
lr  0.922156319361 0.922156319361  mu  0.0731720404734 0.073172023537
lr  0.921234163051 0.921234163051  mu  0.0739252992614 0.0739252837956
lr  0.920312928897 0.920312928897  mu  0.074674535877 0.0746745225763
lr  0.919392615977 0.919392615977  mu  0.075419756882 0.0754197456235
lr  0.91847322337 0.91847322337  mu  0.0761609691284 0.0761609602672
lr  0.917554750156 0.917554750156  mu  0.0768981797457 0.0768981724221
lr  0.916637195415 0.916637195415  mu  0.0776313961298 0.0776313910001
lr  0.915720558229 0.915720558229  mu  0.0783606259318 0.0783606229642
lr  0.914804837679 0.914804837679  mu  0.0790858770479 0.079085876044
lr  0.913890032851 0.913890032851  mu  0.0798071576087 0.0798071585042
lr  0.912976142827 0.912976142827  mu  0.0805244759704 0.0805244790194
lr  0.912063166693 0.912063166693  mu  0.0812378407049 0.0812378455735
lr  0.911151103535 0.911151103535  mu  0.0819472605916 0.0819472673775
lr  0.91023995244 0.91023995244  mu  0.0826527446087 0.0826527530709
lr  0.909329712496 0.909329712496  mu  0.083354301925 0.083354312705
lr  0.908420382792 0.908420382792  mu  0.0840519418926 0.0840519546787
lr  0.907511962418 0.907511962418  mu  0.084745674039 0.0847456899233
lr  0.906604450464 0.906604450464  mu  0.0854355080603 0.0854355259435
lr  0.905697846021 0.905697846022  mu  0.0861214538142 0.0861214740559
lr and mu computing test passed!
lr and mu test done without zero_debias in  0.00282060146332  s/iter!
lr  0.999000051074 0.999000051062  mu  8.13980682107e-05 8.14465739199e-05
lr  0.998001080195 0.998001080178  mu  0.000292792449783 0.000292881584756
lr  0.99700309759 0.997003097568  mu  0.000617571870012 0.000617725678958
lr  0.996006107087 0.996006107062  mu  0.00103309441461 0.00103330958184
lr  0.995010110039 0.995010110017  mu  0.001520655712 0.00152080304155
lr  0.994015106715 0.994015106695  mu  0.00206597229831 0.00206607621361
lr  0.993021096855 0.993021096836  mu  0.00265823955379 0.00265830707826
lr  0.992028079919 0.9920280799  mu  0.00328921068033 0.00328929003734
lr  0.991036055208 0.991036055188  mu  0.00395250115518 0.00395262872779
lr  0.990045021929 0.990045021908  mu  0.00464309281367 0.00464322621179
lr  0.989054979227 0.989054979206  mu  0.00535698353868 0.0053571483373
lr  0.988065926213 0.988065926192  mu  0.00609093813205 0.00609106845167
lr  0.987077861968 0.987077861947  mu  0.00684230890983 0.00684241893414
lr  0.986090785559 0.986090785538  mu  0.00760890463516 0.00760900582452
lr  0.985104696039 0.985104696019  mu  0.00838889335632 0.00838900971065
lr  0.984119592455 0.984119592435  mu  0.00918072935531 0.00918083539404
lr  0.983135473846 0.983135473825  mu  0.00998309748721 0.00998319694835
lr  0.982152339246 0.982152339225  mu  0.010794870239 0.010794954532
lr  0.981170187688 0.981170187668  mu  0.0116150742159 0.0116151488445
lr  0.980189018231 0.980189018211  mu  0.0124289507843 0.0124290406651
lr  0.979208829927 0.979208829906  mu  0.0132199367812 0.0132200426315
lr  0.978229621812 0.978229621791  mu  0.0139744779836 0.0139745728081
lr  0.97725139291 0.97725139289  mu  0.0146837427093 0.0146838559498
lr  0.976274142239 0.976274142219  mu  0.0153431078508 0.0153432346396
lr  0.975297868815 0.975297868794  mu  0.0159510369853 0.0159511662586
lr  0.974322571654 0.974322571634  mu  0.0165080739728 0.0165082290364
lr  0.973348249775 0.973348249755  mu  0.0170160913529 0.0170162620374
lr  0.9723749022 0.972374902179  mu  0.017477760257 0.0174778772827
lr  0.971402527949 0.971402527929  mu  0.0178961847792 0.0178963484837
lr  0.97043112605 0.970431126029  mu  0.0182746535203 0.0182747648606
lr  0.969460695527 0.969460695507  mu  0.0186164737662 0.018616565798
lr  0.968491235409 0.968491235389  mu  0.0189248637812 0.0189249414048
lr  0.967522744726 0.967522744706  mu  0.0192028858437 0.0192029306017
lr  0.966555222508 0.966555222488  mu  0.0194534076795 0.0194534900536
lr  0.96558866778 0.96558866776  mu  0.0196827647512 0.019682847043
lr  0.964623079571 0.964623079551  mu  0.0198962248098 0.0198963070192
lr  0.963658456918 0.963658456898  mu  0.0200951667877 0.020095248915
lr  0.962694798858 0.962694798838  mu  0.0202808247766 0.0202809068217
lr  0.96173210443 0.96173210441  mu  0.0204543046544 0.0204543866175
lr  0.960770372673 0.960770372653  mu  0.020616598927 0.0206166807925
lr  0.959809602626 0.959809602606  mu  0.020768599865 0.0207686816345
lr  0.958849793329 0.958849793309  mu  0.0209111110765 0.0209111921753
lr  0.957890943823 0.957890943803  mu  0.0210448576677 0.0210449381449
lr  0.956933053151 0.956933053131  mu  0.0211704951529 0.0211705741517
lr  0.955976120353 0.955976120333  mu  0.0212886172611 0.0212886948946
lr  0.955020144475 0.955020144455  mu  0.0213997627772 0.021399838073
lr  0.95406512456 0.95406512454  mu  0.0215044215415 0.021504494677
lr  0.953111059652 0.953111059632  mu  0.021603039715 0.0216031097015
lr  0.952157948799 0.952157948779  mu  0.0216960244075 0.0216960914791
lr  0.951205791046 0.951205791026  mu  0.0217837477502 0.0217838109579
lr  0.950254585441 0.950254585421  mu  0.0218665504862 0.0218666101103
lr  0.949304331033 0.949304331013  mu  0.0219447451401 0.0219448002988
lr  0.948355026871 0.948355026852  mu  0.0220186188222 0.0220186698313
lr  0.947406672006 0.947406671987  mu  0.0220884357124 0.0220884817712
lr  0.946459265489 0.946459265469  mu  0.0221544392656 0.0221544807149
lr  0.945512806371 0.945512806351  mu  0.0222168541719 0.0222168902945
lr  0.944567293706 0.944567293686  mu  0.022275888104 0.022275919257
lr  0.943622726548 0.943622726528  mu  0.0223317332751 0.0223317588227
lr  0.942679103951 0.942679103932  mu  0.0223845678323 0.0223845881518
lr  0.941736424972 0.941736424953  mu  0.0224345571046 0.0224345716354
lr  0.940794688667 0.940794688648  mu  0.0224818547216 0.0224818642499
lr  0.939853894094 0.939853894074  mu  0.0225266036192 0.0225266076203
lr  0.938914040311 0.938914040291  mu  0.0225689369445 0.02256893641
lr  0.937975126377 0.937975126358  mu  0.0226089788711 0.0226089732939
lr  0.937037151353 0.937037151334  mu  0.0226468453361 0.0226468357912
lr  0.936100114301 0.936100114282  mu  0.0226826447054 0.022682630696
lr  0.935164014283 0.935164014263  mu  0.022716478377 0.0227164609873
lr  0.934228850361 0.934228850341  mu  0.0227484413274 0.0227484200693
lr  0.933294621599 0.93329462158  mu  0.0227786226085 0.0227785985331
lr  0.932361327064 0.932361327044  mu  0.0228071057992 0.0228070784281
lr  0.93142896582 0.931428965801  mu  0.0228339694163 0.0228339397451
lr  0.930497536935 0.930497536915  mu  0.02285928729 0.0228592548525
lr  0.929567039476 0.929567039457  mu  0.022883128906 0.0228830946299
lr  0.928637472512 0.928637472493  mu  0.0229055597185 0.0229055231519
lr  0.927708835112 0.927708835093  mu  0.022926641437 0.022926603437
lr  0.926781126348 0.926781126329  mu  0.022946432289 0.0229463924194
lr  0.925854345291 0.925854345271  mu  0.0229649872605 0.0229649463076
lr  0.924928491012 0.924928490993  mu  0.0229823583175 0.0229823158623
lr  0.924003562586 0.924003562567  mu  0.0229985946101 0.0229985513711
lr  0.923079559086 0.923079559067  mu  0.023013742659 0.0230136982355
lr  0.922156479588 0.922156479569  mu  0.023027846529 0.0230278015715
lr  0.921234323168 0.921234323149  mu  0.0230409479879 0.0230409021145
lr  0.920313088902 0.920313088883  mu  0.0230530866536 0.0230530404604
lr  0.919392775869 0.91939277585  mu  0.0230643001306 0.0230642532546
lr  0.918473383148 0.918473383129  mu  0.0230746241354 0.0230745769639
lr  0.917554909818 0.917554909799  mu  0.0230840926133 0.0230840448091
lr  0.91663735496 0.916637354941  mu  0.0230927378466 0.0230926899096
lr  0.915720717655 0.915720717637  mu  0.0231005905547 0.0231005421654
lr  0.914804996987 0.914804996968  mu  0.0231076799873 0.0231076313615
lr  0.913890192038 0.913890192019  mu  0.0231140340111 0.0231139848575
lr  0.912976301892 0.912976301873  mu  0.0231196791903 0.023119629933
lr  0.912063325636 0.912063325617  mu  0.0231246408617 0.0231245912247
lr  0.911151262355 0.911151262336  mu  0.0231289432045 0.0231288932921
lr  0.910240111136 0.910240111117  mu  0.0231326093055 0.023132558869
lr  0.909329871067 0.909329871048  mu  0.0231356612199 0.0231356106231
lr  0.908420541237 0.908420541218  mu  0.0231381200285 0.0231380690356
lr  0.907512120736 0.907512120717  mu  0.0231400058903 0.0231399545346
lr  0.906604608655 0.906604608636  mu  0.0231413380926 0.0231412861638
lr  0.905698004084 0.905698004066  mu  0.0231421350975 0.0231420829107
lr and mu computing test passed!
lr and mu test done with zero_debias in  0.00275047063828  s/iter!
